<?xml version="1.0" encoding="UTF-8"?>
<!-- Generated by org.testng.reporters.JUnitXMLReporter -->
<testsuite hostname="ncherkasov" name="Test1" tests="13" failures="0" timestamp="28 Aug 2015 14:29:12 GMT" time="111.88" errors="0">
  <testcase name="testLoginFailed" time="10.98" classname="selenium_cherkasov.test.LoginTest"/>
  <testcase name="testLoginOK" time="0.68" classname="selenium_cherkasov.test.LoginTest"/>
  <testcase name="createNewApplicationWithImage" time="2.491" classname="selenium_cherkasov.test.ApplicationTest"/>
  <testcase name="createNewApplicationWithoutImage" time="2.007" classname="selenium_cherkasov.test.ApplicationTest"/>
  <testcase name="deleteApplication" time="3.996" classname="selenium_cherkasov.test.ApplicationTest"/>
  <testcase name="downloadApplicationUntilPopular" time="5.659" classname="selenium_cherkasov.test.ApplicationTest"/>
  <testcase name="downloadJSON" time="1.325" classname="selenium_cherkasov.test.ApplicationTest"/>
  <testcase name="addnewUserLogoutLoginOK" time="2.003" classname="selenium_cherkasov.test.RegistrationTest"/>
  <testcase name="addnewUserOK" time="1.212" classname="selenium_cherkasov.test.RegistrationTest"/>
  <testcase name="addnewUserUploadNOTOK" time="1.485" classname="selenium_cherkasov.test.RegistrationTest"/>
  <testcase name="getFindMeField" time="1.443" classname="selenium_cherkasov.test.JsTest"/>
  <testcase name="ajaxSumNOTOK" time="3.71" classname="selenium_cherkasov.test.AjaxTest"/>
  <testcase name="ajaxSumOK" time="4.79" classname="selenium_cherkasov.test.AjaxTest"/>
</testsuite> <!-- Test1 -->
