<?xml version="1.0" encoding="UTF-8"?>
<testsuite name="TestSuite" time="13.649" tests="3" errors="0" skipped="0" failures="1">
  <properties>
[...]
</properties>
  <testcase name="testLoginFailed" classname="selenium_cherkasov.test.LoginTest" time="11.206"/>
  <testcase name="testLoginOK" classname="selenium_cherkasov.test.LoginTest" time="0.97"/>
  <testcase name="stop" classname="selenium_cherkasov.test.LoginTest" time="1.473">
    <failure message="Process refused to die after 10 seconds, and couldn&apos;t taskkill it: Unable to find executable for: taskkill" type="java.lang.RuntimeException"><![CDATA[java.lang.RuntimeException: Process refused to die after 10 seconds, and couldn't taskkill it: Unable to find executable for: taskkill
	at org.openqa.selenium.os.ProcessUtils.killWinProcess(ProcessUtils.java:142)
	at org.openqa.selenium.os.ProcessUtils.killProcess(ProcessUtils.java:81)
	at org.openqa.selenium.os.UnixProcess$SeleniumWatchDog.destroyHarder(UnixProcess.java:248)
	at org.openqa.selenium.os.UnixProcess$SeleniumWatchDog.access$200(UnixProcess.java:200)
	at org.openqa.selenium.os.UnixProcess.destroy(UnixProcess.java:124)
	at org.openqa.selenium.os.CommandLine.destroy(CommandLine.java:153)
	at org.openqa.selenium.firefox.FirefoxBinary.quit(FirefoxBinary.java:259)
	at org.openqa.selenium.firefox.internal.NewProfileExtensionConnection.quit(NewProfileExtensionConnection.java:202)
	at org.openqa.selenium.firefox.FirefoxDriver$LazyCommandExecutor.quit(FirefoxDriver.java:376)
	at org.openqa.selenium.firefox.FirefoxDriver.stopClient(FirefoxDriver.java:322)
	at org.openqa.selenium.remote.RemoteWebDriver.quit(RemoteWebDriver.java:477)
	at selenium_cherkasov.applogic1.ApplicationManager1.stop(ApplicationManager1.java:70)
	at selenium_cherkasov.pages.TestBase.stop(TestBase.java:23)
	at sun.reflect.NativeMethodAccessorImpl.invoke0(Native Method)
	at sun.reflect.NativeMethodAccessorImpl.invoke(NativeMethodAccessorImpl.java:57)
	at sun.reflect.DelegatingMethodAccessorImpl.invoke(DelegatingMethodAccessorImpl.java:43)
	at java.lang.reflect.Method.invoke(Method.java:606)
	at org.testng.internal.MethodInvocationHelper.invokeMethod(MethodInvocationHelper.java:85)
	at org.testng.internal.Invoker.invokeConfigurationMethod(Invoker.java:517)
	at org.testng.internal.Invoker.invokeConfigurations(Invoker.java:213)
	at org.testng.internal.Invoker.invokeConfigurations(Invoker.java:140)
	at org.testng.SuiteRunner.privateRun(SuiteRunner.java:327)
	at org.testng.SuiteRunner.run(SuiteRunner.java:259)
	at org.testng.SuiteRunnerWorker.runSuite(SuiteRunnerWorker.java:52)
	at org.testng.SuiteRunnerWorker.run(SuiteRunnerWorker.java:86)
	at org.testng.TestNG.runSuitesSequentially(TestNG.java:1199)
	at org.testng.TestNG.runSuitesLocally(TestNG.java:1124)
	at org.testng.TestNG.run(TestNG.java:1032)
	at org.apache.maven.surefire.testng.TestNGExecutor.run(TestNGExecutor.java:295)
	at org.apache.maven.surefire.testng.TestNGXmlTestSuite.execute(TestNGXmlTestSuite.java:84)
	at org.apache.maven.surefire.testng.TestNGProvider.invoke(TestNGProvider.java:90)
	at org.apache.maven.surefire.booter.ForkedBooter.invokeProviderInSameClassLoader(ForkedBooter.java:203)
	at org.apache.maven.surefire.booter.ForkedBooter.runSuitesInProcess(ForkedBooter.java:155)
	at org.apache.maven.surefire.booter.ForkedBooter.main(ForkedBooter.java:103)
Caused by: java.lang.NullPointerException: Unable to find executable for: taskkill
	at com.google.common.base.Preconditions.checkNotNull(Preconditions.java:250)
	at org.openqa.selenium.os.UnixProcess.<init>(UnixProcess.java:62)
	at org.openqa.selenium.os.CommandLine.<init>(CommandLine.java:38)
	at org.openqa.selenium.os.WindowsUtils.killPID(WindowsUtils.java:172)
	at org.openqa.selenium.os.ProcessUtils.killWinProcess(ProcessUtils.java:138)
	at org.openqa.selenium.os.ProcessUtils.killProcess(ProcessUtils.java:81)
	at org.openqa.selenium.os.UnixProcess$SeleniumWatchDog.destroyHarder(UnixProcess.java:248)
	at org.openqa.selenium.os.UnixProcess$SeleniumWatchDog.access$200(UnixProcess.java:200)
	at org.openqa.selenium.os.UnixProcess.destroy(UnixProcess.java:124)
	at org.openqa.selenium.os.CommandLine.destroy(CommandLine.java:153)
	at org.openqa.selenium.firefox.FirefoxBinary.quit(FirefoxBinary.java:259)
	at org.openqa.selenium.firefox.internal.NewProfileExtensionConnection.quit(NewProfileExtensionConnection.java:202)
	at org.openqa.selenium.firefox.FirefoxDriver$LazyCommandExecutor.quit(FirefoxDriver.java:376)
	at org.openqa.selenium.firefox.FirefoxDriver.stopClient(FirefoxDriver.java:322)
	at org.openqa.selenium.remote.RemoteWebDriver.quit(RemoteWebDriver.java:477)
	at selenium_cherkasov.applogic1.ApplicationManager1.stop(ApplicationManager1.java:70)
	at selenium_cherkasov.pages.TestBase.stop(TestBase.java:23)
	at sun.reflect.NativeMethodAccessorImpl.invoke0(Native Method)
	at sun.reflect.NativeMethodAccessorImpl.invoke(NativeMethodAccessorImpl.java:57)
	at sun.reflect.DelegatingMethodAccessorImpl.invoke(DelegatingMethodAccessorImpl.java:43)
	at java.lang.reflect.Method.invoke(Method.java:606)
	at org.testng.internal.MethodInvocationHelper.invokeMethod(MethodInvocationHelper.java:85)
	at org.testng.internal.Invoker.invokeConfigurationMethod(Invoker.java:517)
	at org.testng.internal.Invoker.invokeConfigurations(Invoker.java:213)
	at org.testng.internal.Invoker.invokeConfigurations(Invoker.java:140)
	at org.testng.SuiteRunner.privateRun(SuiteRunner.java:327)
	at org.testng.SuiteRunner.run(SuiteRunner.java:259)
	at org.testng.SuiteRunnerWorker.runSuite(SuiteRunnerWorker.java:52)
	at org.testng.SuiteRunnerWorker.run(SuiteRunnerWorker.java:86)
	at org.testng.TestNG.runSuitesSequentially(TestNG.java:1199)
	at org.testng.TestNG.runSuitesLocally(TestNG.java:1124)
	at org.testng.TestNG.run(TestNG.java:1032)
	at org.apache.maven.surefire.testng.TestNGExecutor.run(TestNGExecutor.java:295)
	at org.apache.maven.surefire.testng.TestNGXmlTestSuite.execute(TestNGXmlTestSuite.java:84)
	at org.apache.maven.surefire.testng.TestNGProvider.invoke(TestNGProvider.java:90)
	at org.apache.maven.surefire.booter.ForkedBooter.invokeProviderInSameClassLoader(ForkedBooter.java:203)
	at org.apache.maven.surefire.booter.ForkedBooter.runSuitesInProcess(ForkedBooter.java:155)
	at org.apache.maven.surefire.booter.ForkedBooter.main(ForkedBooter.java:103)
]]></failure>
    <system-err><![CDATA[авг 13, 2015 4:55:36 PM org.openqa.selenium.os.UnixProcess$SeleniumWatchDog destroyHarder
INFO: Command failed to close cleanly. Destroying forcefully (v2). org.openqa.selenium.os.UnixProcess$SeleniumWatchDog@59250601
авг 13, 2015 4:55:36 PM org.openqa.selenium.os.ProcessUtils killWinProcess
WARNING: Process refused to die after 10 seconds, and couldn't taskkill it
java.lang.NullPointerException: Unable to find executable for: taskkill
	at com.google.common.base.Preconditions.checkNotNull(Preconditions.java:250)
	at org.openqa.selenium.os.UnixProcess.<init>(UnixProcess.java:62)
	at org.openqa.selenium.os.CommandLine.<init>(CommandLine.java:38)
	at org.openqa.selenium.os.WindowsUtils.killPID(WindowsUtils.java:172)
	at org.openqa.selenium.os.ProcessUtils.killWinProcess(ProcessUtils.java:138)
	at org.openqa.selenium.os.ProcessUtils.killProcess(ProcessUtils.java:81)
	at org.openqa.selenium.os.UnixProcess$SeleniumWatchDog.destroyHarder(UnixProcess.java:248)
	at org.openqa.selenium.os.UnixProcess$SeleniumWatchDog.access$200(UnixProcess.java:200)
	at org.openqa.selenium.os.UnixProcess.destroy(UnixProcess.java:124)
	at org.openqa.selenium.os.CommandLine.destroy(CommandLine.java:153)
	at org.openqa.selenium.firefox.FirefoxBinary.quit(FirefoxBinary.java:259)
	at org.openqa.selenium.firefox.internal.NewProfileExtensionConnection.quit(NewProfileExtensionConnection.java:202)
	at org.openqa.selenium.firefox.FirefoxDriver$LazyCommandExecutor.quit(FirefoxDriver.java:376)
	at org.openqa.selenium.firefox.FirefoxDriver.stopClient(FirefoxDriver.java:322)
	at org.openqa.selenium.remote.RemoteWebDriver.quit(RemoteWebDriver.java:477)
	at selenium_cherkasov.applogic1.ApplicationManager1.stop(ApplicationManager1.java:70)
	at selenium_cherkasov.pages.TestBase.stop(TestBase.java:23)
	at sun.reflect.NativeMethodAccessorImpl.invoke0(Native Method)
	at sun.reflect.NativeMethodAccessorImpl.invoke(NativeMethodAccessorImpl.java:57)
	at sun.reflect.DelegatingMethodAccessorImpl.invoke(DelegatingMethodAccessorImpl.java:43)
	at java.lang.reflect.Method.invoke(Method.java:606)
	at org.testng.internal.MethodInvocationHelper.invokeMethod(MethodInvocationHelper.java:85)
	at org.testng.internal.Invoker.invokeConfigurationMethod(Invoker.java:517)
	at org.testng.internal.Invoker.invokeConfigurations(Invoker.java:213)
	at org.testng.internal.Invoker.invokeConfigurations(Invoker.java:140)
	at org.testng.SuiteRunner.privateRun(SuiteRunner.java:327)
	at org.testng.SuiteRunner.run(SuiteRunner.java:259)
	at org.testng.SuiteRunnerWorker.runSuite(SuiteRunnerWorker.java:52)
	at org.testng.SuiteRunnerWorker.run(SuiteRunnerWorker.java:86)
	at org.testng.TestNG.runSuitesSequentially(TestNG.java:1199)
	at org.testng.TestNG.runSuitesLocally(TestNG.java:1124)
	at org.testng.TestNG.run(TestNG.java:1032)
	at org.apache.maven.surefire.testng.TestNGExecutor.run(TestNGExecutor.java:295)
	at org.apache.maven.surefire.testng.TestNGXmlTestSuite.execute(TestNGXmlTestSuite.java:84)
	at org.apache.maven.surefire.testng.TestNGProvider.invoke(TestNGProvider.java:90)
	at org.apache.maven.surefire.booter.ForkedBooter.invokeProviderInSameClassLoader(ForkedBooter.java:203)
	at org.apache.maven.surefire.booter.ForkedBooter.runSuitesInProcess(ForkedBooter.java:155)
	at org.apache.maven.surefire.booter.ForkedBooter.main(ForkedBooter.java:103)

]]></system-err>
  </testcase>
</testsuite>