<?xml version="1.0" encoding="UTF-8"?>
<testng-results skipped="0" failed="0" total="13" passed="13">
  <reporter-output>
  </reporter-output>
  <suite name="Tests" duration-ms="111880" started-at="2015-08-28T14:27:21Z" finished-at="2015-08-28T14:29:12Z">
    <groups>
    </groups>
    <test name="Test1" duration-ms="111880" started-at="2015-08-28T14:27:21Z" finished-at="2015-08-28T14:29:12Z">
      <class name="selenium_cherkasov.test.LoginTest">
        <test-method status="PASS" signature="init()[pri:0, instance:selenium_cherkasov.test.LoginTest@60e5d9d2]" name="init" is-config="true" duration-ms="7192" started-at="2015-08-28T17:27:21Z" finished-at="2015-08-28T17:27:28Z">
          <reporter-output>
          </reporter-output>
        </test-method> <!-- init -->
        <test-method status="PASS" signature="mayBeLogout()[pri:0, instance:selenium_cherkasov.test.LoginTest@60e5d9d2]" name="mayBeLogout" is-config="true" duration-ms="10285" started-at="2015-08-28T17:27:28Z" finished-at="2015-08-28T17:27:38Z">
          <reporter-output>
          </reporter-output>
        </test-method> <!-- mayBeLogout -->
        <test-method status="PASS" signature="testLoginFailed()[pri:0, instance:selenium_cherkasov.test.LoginTest@60e5d9d2]" name="testLoginFailed" duration-ms="10980" started-at="2015-08-28T17:27:38Z" finished-at="2015-08-28T17:27:49Z">
          <reporter-output>
          </reporter-output>
        </test-method> <!-- testLoginFailed -->
        <test-method status="PASS" signature="mayBeLogout()[pri:0, instance:selenium_cherkasov.test.LoginTest@60e5d9d2]" name="mayBeLogout" is-config="true" duration-ms="10272" started-at="2015-08-28T17:27:49Z" finished-at="2015-08-28T17:27:59Z">
          <reporter-output>
          </reporter-output>
        </test-method> <!-- mayBeLogout -->
        <test-method status="PASS" signature="testLoginOK()[pri:0, instance:selenium_cherkasov.test.LoginTest@60e5d9d2]" name="testLoginOK" duration-ms="680" started-at="2015-08-28T17:27:59Z" finished-at="2015-08-28T17:28:00Z">
          <reporter-output>
          </reporter-output>
        </test-method> <!-- testLoginOK -->
      </class> <!-- selenium_cherkasov.test.LoginTest -->
      <class name="selenium_cherkasov.test.RegistrationTest">
        <test-method status="PASS" signature="init()[pri:0, instance:selenium_cherkasov.test.RegistrationTest@e068ad3]" name="init" is-config="true" duration-ms="71" started-at="2015-08-28T17:28:26Z" finished-at="2015-08-28T17:28:26Z">
          <reporter-output>
          </reporter-output>
        </test-method> <!-- init -->
        <test-method status="PASS" signature="mayBeLogout()[pri:0, instance:selenium_cherkasov.test.RegistrationTest@e068ad3]" name="mayBeLogout" is-config="true" duration-ms="10184" started-at="2015-08-28T17:28:26Z" finished-at="2015-08-28T17:28:37Z">
          <reporter-output>
          </reporter-output>
        </test-method> <!-- mayBeLogout -->
        <test-method status="PASS" signature="addnewUserLogoutLoginOK()[pri:0, instance:selenium_cherkasov.test.RegistrationTest@e068ad3]" name="addnewUserLogoutLoginOK" duration-ms="2003" started-at="2015-08-28T17:28:37Z" finished-at="2015-08-28T17:28:39Z">
          <reporter-output>
          </reporter-output>
        </test-method> <!-- addnewUserLogoutLoginOK -->
        <test-method status="PASS" signature="mayBeLogout()[pri:0, instance:selenium_cherkasov.test.RegistrationTest@e068ad3]" name="mayBeLogout" is-config="true" duration-ms="176" started-at="2015-08-28T17:28:39Z" finished-at="2015-08-28T17:28:39Z">
          <reporter-output>
          </reporter-output>
        </test-method> <!-- mayBeLogout -->
        <test-method status="PASS" signature="addnewUserOK()[pri:0, instance:selenium_cherkasov.test.RegistrationTest@e068ad3]" name="addnewUserOK" duration-ms="1212" started-at="2015-08-28T17:28:39Z" finished-at="2015-08-28T17:28:40Z">
          <reporter-output>
          </reporter-output>
        </test-method> <!-- addnewUserOK -->
        <test-method status="PASS" signature="mayBeLogout()[pri:0, instance:selenium_cherkasov.test.RegistrationTest@e068ad3]" name="mayBeLogout" is-config="true" duration-ms="154" started-at="2015-08-28T17:28:40Z" finished-at="2015-08-28T17:28:40Z">
          <reporter-output>
          </reporter-output>
        </test-method> <!-- mayBeLogout -->
        <test-method status="PASS" signature="addnewUserUploadNOTOK()[pri:0, instance:selenium_cherkasov.test.RegistrationTest@e068ad3]" name="addnewUserUploadNOTOK" duration-ms="1485" started-at="2015-08-28T17:28:40Z" finished-at="2015-08-28T17:28:42Z">
          <reporter-output>
          </reporter-output>
        </test-method> <!-- addnewUserUploadNOTOK -->
      </class> <!-- selenium_cherkasov.test.RegistrationTest -->
      <class name="selenium_cherkasov.test.JsTest">
        <test-method status="PASS" signature="init()[pri:0, instance:selenium_cherkasov.test.JsTest@1193b520]" name="init" is-config="true" duration-ms="93" started-at="2015-08-28T17:28:42Z" finished-at="2015-08-28T17:28:42Z">
          <reporter-output>
          </reporter-output>
        </test-method> <!-- init -->
        <test-method status="PASS" signature="mayBeLogout()[pri:0, instance:selenium_cherkasov.test.JsTest@1193b520]" name="mayBeLogout" is-config="true" duration-ms="10245" started-at="2015-08-28T17:28:42Z" finished-at="2015-08-28T17:28:52Z">
          <reporter-output>
          </reporter-output>
        </test-method> <!-- mayBeLogout -->
        <test-method status="PASS" signature="getFindMeField()[pri:0, instance:selenium_cherkasov.test.JsTest@1193b520]" name="getFindMeField" duration-ms="1443" started-at="2015-08-28T17:28:52Z" finished-at="2015-08-28T17:28:53Z">
          <reporter-output>
          </reporter-output>
        </test-method> <!-- getFindMeField -->
        <test-method status="PASS" signature="stop()[pri:0, instance:selenium_cherkasov.test.JsTest@1193b520]" name="stop" is-config="true" duration-ms="541" started-at="2015-08-28T17:29:12Z" finished-at="2015-08-28T17:29:13Z">
          <reporter-output>
          </reporter-output>
        </test-method> <!-- stop -->
      </class> <!-- selenium_cherkasov.test.JsTest -->
      <class name="selenium_cherkasov.test.ApplicationTest">
        <test-method status="PASS" signature="init()[pri:0, instance:selenium_cherkasov.test.ApplicationTest@123f9bb1]" name="init" is-config="true" duration-ms="76" started-at="2015-08-28T17:28:00Z" finished-at="2015-08-28T17:28:00Z">
          <reporter-output>
          </reporter-output>
        </test-method> <!-- init -->
        <test-method status="PASS" signature="mayBeLogout()[pri:0, instance:selenium_cherkasov.test.ApplicationTest@123f9bb1]" name="mayBeLogout" is-config="true" duration-ms="10175" started-at="2015-08-28T17:28:00Z" finished-at="2015-08-28T17:28:10Z">
          <reporter-output>
          </reporter-output>
        </test-method> <!-- mayBeLogout -->
        <test-method status="PASS" signature="createNewApplicationWithImage()[pri:0, instance:selenium_cherkasov.test.ApplicationTest@123f9bb1]" name="createNewApplicationWithImage" duration-ms="2491" started-at="2015-08-28T17:28:10Z" finished-at="2015-08-28T17:28:13Z">
          <reporter-output>
          </reporter-output>
        </test-method> <!-- createNewApplicationWithImage -->
        <test-method status="PASS" signature="mayBeLogout()[pri:0, instance:selenium_cherkasov.test.ApplicationTest@123f9bb1]" name="mayBeLogout" is-config="true" duration-ms="167" started-at="2015-08-28T17:28:13Z" finished-at="2015-08-28T17:28:13Z">
          <reporter-output>
          </reporter-output>
        </test-method> <!-- mayBeLogout -->
        <test-method status="PASS" signature="createNewApplicationWithoutImage()[pri:0, instance:selenium_cherkasov.test.ApplicationTest@123f9bb1]" name="createNewApplicationWithoutImage" duration-ms="2007" started-at="2015-08-28T17:28:13Z" finished-at="2015-08-28T17:28:15Z">
          <reporter-output>
          </reporter-output>
        </test-method> <!-- createNewApplicationWithoutImage -->
        <test-method status="PASS" signature="mayBeLogout()[pri:0, instance:selenium_cherkasov.test.ApplicationTest@123f9bb1]" name="mayBeLogout" is-config="true" duration-ms="147" started-at="2015-08-28T17:28:15Z" finished-at="2015-08-28T17:28:15Z">
          <reporter-output>
          </reporter-output>
        </test-method> <!-- mayBeLogout -->
        <test-method status="PASS" signature="deleteApplication()[pri:0, instance:selenium_cherkasov.test.ApplicationTest@123f9bb1]" name="deleteApplication" duration-ms="3996" started-at="2015-08-28T17:28:15Z" finished-at="2015-08-28T17:28:19Z">
          <reporter-output>
          </reporter-output>
        </test-method> <!-- deleteApplication -->
        <test-method status="PASS" signature="mayBeLogout()[pri:0, instance:selenium_cherkasov.test.ApplicationTest@123f9bb1]" name="mayBeLogout" is-config="true" duration-ms="162" started-at="2015-08-28T17:28:19Z" finished-at="2015-08-28T17:28:19Z">
          <reporter-output>
          </reporter-output>
        </test-method> <!-- mayBeLogout -->
        <test-method status="PASS" signature="downloadApplicationUntilPopular()[pri:0, instance:selenium_cherkasov.test.ApplicationTest@123f9bb1]" name="downloadApplicationUntilPopular" duration-ms="5659" started-at="2015-08-28T17:28:19Z" finished-at="2015-08-28T17:28:25Z">
          <reporter-output>
          </reporter-output>
        </test-method> <!-- downloadApplicationUntilPopular -->
        <test-method status="PASS" signature="mayBeLogout()[pri:0, instance:selenium_cherkasov.test.ApplicationTest@123f9bb1]" name="mayBeLogout" is-config="true" duration-ms="213" started-at="2015-08-28T17:28:25Z" finished-at="2015-08-28T17:28:25Z">
          <reporter-output>
          </reporter-output>
        </test-method> <!-- mayBeLogout -->
        <test-method status="PASS" signature="downloadJSON()[pri:0, instance:selenium_cherkasov.test.ApplicationTest@123f9bb1]" name="downloadJSON" duration-ms="1325" started-at="2015-08-28T17:28:25Z" finished-at="2015-08-28T17:28:26Z">
          <reporter-output>
          </reporter-output>
        </test-method> <!-- downloadJSON -->
      </class> <!-- selenium_cherkasov.test.ApplicationTest -->
      <class name="selenium_cherkasov.test.AjaxTest">
        <test-method status="PASS" signature="init()[pri:0, instance:selenium_cherkasov.test.AjaxTest@7da707a0]" name="init" is-config="true" duration-ms="90" started-at="2015-08-28T17:28:53Z" finished-at="2015-08-28T17:28:54Z">
          <reporter-output>
          </reporter-output>
        </test-method> <!-- init -->
        <test-method status="PASS" signature="mayBeLogout()[pri:0, instance:selenium_cherkasov.test.AjaxTest@7da707a0]" name="mayBeLogout" is-config="true" duration-ms="10097" started-at="2015-08-28T17:28:54Z" finished-at="2015-08-28T17:29:04Z">
          <reporter-output>
          </reporter-output>
        </test-method> <!-- mayBeLogout -->
        <test-method status="PASS" signature="ajaxSumNOTOK()[pri:0, instance:selenium_cherkasov.test.AjaxTest@7da707a0]" name="ajaxSumNOTOK" duration-ms="3710" started-at="2015-08-28T17:29:04Z" finished-at="2015-08-28T17:29:07Z">
          <reporter-output>
          </reporter-output>
        </test-method> <!-- ajaxSumNOTOK -->
        <test-method status="PASS" signature="mayBeLogout()[pri:0, instance:selenium_cherkasov.test.AjaxTest@7da707a0]" name="mayBeLogout" is-config="true" duration-ms="284" started-at="2015-08-28T17:29:07Z" finished-at="2015-08-28T17:29:08Z">
          <reporter-output>
          </reporter-output>
        </test-method> <!-- mayBeLogout -->
        <test-method status="PASS" signature="ajaxSumOK()[pri:0, instance:selenium_cherkasov.test.AjaxTest@7da707a0]" name="ajaxSumOK" duration-ms="4790" started-at="2015-08-28T17:29:08Z" finished-at="2015-08-28T17:29:12Z">
          <reporter-output>
          </reporter-output>
        </test-method> <!-- ajaxSumOK -->
      </class> <!-- selenium_cherkasov.test.AjaxTest -->
    </test> <!-- Test1 -->
  </suite> <!-- Tests -->
</testng-results>
