<?xml version="1.0" encoding="UTF-8"?>
<testng-results skipped="2" failed="0" total="2" passed="0">
  <reporter-output>
  </reporter-output>
  <suite name="Default suite" duration-ms="76" started-at="2015-08-28T15:33:36Z" finished-at="2015-08-28T15:33:36Z">
    <groups>
    </groups>
    <test name="Default test" duration-ms="76" started-at="2015-08-28T15:33:36Z" finished-at="2015-08-28T15:33:36Z">
      <class name="selenium_cherkasov.test.AjaxTest">
        <test-method status="FAIL" signature="init()[pri:0, instance:selenium_cherkasov.test.AjaxTest@22ace5ba]" name="init" is-config="true" duration-ms="0" started-at="2015-08-28T18:33:36Z" finished-at="2015-08-28T18:33:36Z">
          <exception class="java.lang.IllegalStateException">
            <message>
              <![CDATA[The path to the driver executable must be set by the webdriver.chrome.driver system property; for more information, see https://github.com/SeleniumHQ/selenium/wiki/ChromeDriver. The latest version can be downloaded from http://chromedriver.storage.googleapis.com/index.html]]>
            </message>
            <full-stacktrace>
              <![CDATA[java.lang.IllegalStateException: The path to the driver executable must be set by the webdriver.chrome.driver system property; for more information, see https://github.com/SeleniumHQ/selenium/wiki/ChromeDriver. The latest version can be downloaded from http://chromedriver.storage.googleapis.com/index.html
	at com.google.common.base.Preconditions.checkState(Preconditions.java:197)
	at org.openqa.selenium.remote.service.DriverService.findExecutable(DriverService.java:109)
	at org.openqa.selenium.chrome.ChromeDriverService.access$000(ChromeDriverService.java:32)
	at org.openqa.selenium.chrome.ChromeDriverService$Builder.findDefaultExecutable(ChromeDriverService.java:137)
	at org.openqa.selenium.remote.service.DriverService$Builder.build(DriverService.java:290)
	at org.openqa.selenium.chrome.ChromeDriverService.createDefaultService(ChromeDriverService.java:88)
	at org.openqa.selenium.chrome.ChromeDriver.<init>(ChromeDriver.java:116)
	at selenium_cherkasov.webdriver.WebDriverFactory.getInstance(WebDriverFactory.java:151)
	at selenium_cherkasov.webdriver.WebDriverFactory.getInstance(WebDriverFactory.java:72)
	at selenium_cherkasov.applogic1.ApplicationManager1.<init>(ApplicationManager1.java:38)
	at selenium_cherkasov.pages.TestBase.init(TestBase.java:26)
	at sun.reflect.NativeMethodAccessorImpl.invoke0(Native Method)
	at sun.reflect.NativeMethodAccessorImpl.invoke(NativeMethodAccessorImpl.java:57)
	at sun.reflect.DelegatingMethodAccessorImpl.invoke(DelegatingMethodAccessorImpl.java:43)
	at java.lang.reflect.Method.invoke(Method.java:606)
	at org.testng.internal.MethodInvocationHelper.invokeMethod(MethodInvocationHelper.java:85)
	at org.testng.internal.Invoker.invokeConfigurationMethod(Invoker.java:517)
	at org.testng.internal.Invoker.invokeConfigurations(Invoker.java:213)
	at org.testng.internal.Invoker.invokeConfigurations(Invoker.java:140)
	at org.testng.internal.TestMethodWorker.invokeBeforeClassMethods(TestMethodWorker.java:170)
	at org.testng.internal.TestMethodWorker.run(TestMethodWorker.java:104)
	at org.testng.TestRunner.privateRun(TestRunner.java:771)
	at org.testng.TestRunner.run(TestRunner.java:621)
	at org.testng.SuiteRunner.runTest(SuiteRunner.java:357)
	at org.testng.SuiteRunner.runSequentially(SuiteRunner.java:352)
	at org.testng.SuiteRunner.privateRun(SuiteRunner.java:310)
	at org.testng.SuiteRunner.run(SuiteRunner.java:259)
	at org.testng.SuiteRunnerWorker.runSuite(SuiteRunnerWorker.java:52)
	at org.testng.SuiteRunnerWorker.run(SuiteRunnerWorker.java:86)
	at org.testng.TestNG.runSuitesSequentially(TestNG.java:1199)
	at org.testng.TestNG.runSuitesLocally(TestNG.java:1124)
	at org.testng.TestNG.run(TestNG.java:1032)
	at org.testng.remote.RemoteTestNG.run(RemoteTestNG.java:111)
	at org.testng.remote.RemoteTestNG.initAndRun(RemoteTestNG.java:204)
	at org.testng.remote.RemoteTestNG.main(RemoteTestNG.java:175)
]]>
            </full-stacktrace>
          </exception> <!-- java.lang.IllegalStateException -->
          <reporter-output>
          </reporter-output>
        </test-method> <!-- init -->
        <test-method status="SKIP" signature="mayBeLogout()[pri:0, instance:selenium_cherkasov.test.AjaxTest@22ace5ba]" name="mayBeLogout" is-config="true" duration-ms="0" started-at="2015-08-28T18:33:36Z" finished-at="2015-08-28T18:33:36Z">
          <reporter-output>
          </reporter-output>
        </test-method> <!-- mayBeLogout -->
        <test-method status="SKIP" signature="ajaxSumNOTOK()[pri:0, instance:selenium_cherkasov.test.AjaxTest@22ace5ba]" name="ajaxSumNOTOK" duration-ms="0" started-at="2015-08-28T18:33:36Z" finished-at="2015-08-28T18:33:36Z">
          <reporter-output>
          </reporter-output>
        </test-method> <!-- ajaxSumNOTOK -->
        <test-method status="SKIP" signature="mayBeLogout()[pri:0, instance:selenium_cherkasov.test.AjaxTest@22ace5ba]" name="mayBeLogout" is-config="true" duration-ms="0" started-at="2015-08-28T18:33:36Z" finished-at="2015-08-28T18:33:36Z">
          <reporter-output>
          </reporter-output>
        </test-method> <!-- mayBeLogout -->
        <test-method status="SKIP" signature="ajaxSumOK()[pri:0, instance:selenium_cherkasov.test.AjaxTest@22ace5ba]" name="ajaxSumOK" duration-ms="0" started-at="2015-08-28T18:33:36Z" finished-at="2015-08-28T18:33:36Z">
          <reporter-output>
          </reporter-output>
        </test-method> <!-- ajaxSumOK -->
        <test-method status="SKIP" signature="stop()[pri:0, instance:selenium_cherkasov.test.AjaxTest@22ace5ba]" name="stop" is-config="true" duration-ms="0" started-at="2015-08-28T18:33:36Z" finished-at="2015-08-28T18:33:36Z">
          <reporter-output>
          </reporter-output>
        </test-method> <!-- stop -->
      </class> <!-- selenium_cherkasov.test.AjaxTest -->
    </test> <!-- Default test -->
  </suite> <!-- Default suite -->
</testng-results>
