<?xml version="1.0" encoding="UTF-8"?>
<testng-results skipped="0" failed="0" total="1" passed="1">
  <reporter-output>
  </reporter-output>
  <suite name="Default suite" duration-ms="18805" started-at="2015-08-21T14:38:21Z" finished-at="2015-08-21T14:38:40Z">
    <groups>
    </groups>
    <test name="Default test" duration-ms="18805" started-at="2015-08-21T14:38:21Z" finished-at="2015-08-21T14:38:40Z">
      <class name="selenium_cherkasov.test.ApplicationTest">
        <test-method status="PASS" signature="init()[pri:0, instance:selenium_cherkasov.test.ApplicationTest@22ace5ba]" name="init" is-config="true" duration-ms="6458" started-at="2015-08-21T17:38:21Z" finished-at="2015-08-21T17:38:28Z">
          <reporter-output>
          </reporter-output>
        </test-method> <!-- init -->
        <test-method status="PASS" signature="mayBeLogout()[pri:0, instance:selenium_cherkasov.test.ApplicationTest@22ace5ba]" name="mayBeLogout" is-config="true" duration-ms="10271" started-at="2015-08-21T17:38:28Z" finished-at="2015-08-21T17:38:38Z">
          <reporter-output>
          </reporter-output>
        </test-method> <!-- mayBeLogout -->
        <test-method status="PASS" signature="createNewApplicationWithImage()[pri:0, instance:selenium_cherkasov.test.ApplicationTest@22ace5ba]" name="createNewApplicationWithImage" duration-ms="2074" started-at="2015-08-21T17:38:38Z" finished-at="2015-08-21T17:38:40Z">
          <reporter-output>
          </reporter-output>
        </test-method> <!-- createNewApplicationWithImage -->
        <test-method status="PASS" signature="stop()[pri:0, instance:selenium_cherkasov.test.ApplicationTest@22ace5ba]" name="stop" is-config="true" duration-ms="373" started-at="2015-08-21T17:38:40Z" finished-at="2015-08-21T17:38:40Z">
          <reporter-output>
          </reporter-output>
        </test-method> <!-- stop -->
      </class> <!-- selenium_cherkasov.test.ApplicationTest -->
    </test> <!-- Default test -->
  </suite> <!-- Default suite -->
</testng-results>
